\BOOKMARK [0][-]{part.1}{\376\377\000I\000\040\000P\000y\000t\000h\000o\000n\000\040\000W\000r\000a\000p\000p\000e\000r}{}% 1
\BOOKMARK [1][-]{section.1}{\376\377\000S\000t\000a\000r\000t\000\040\000t\000h\000e\000\040\000p\000i\000p\000e\000l\000i\000n\000e}{part.1}% 2
\BOOKMARK [2][-]{subsection.1.1}{\376\377\000G\000e\000t\000t\000i\000n\000g\000\040\000t\000h\000e\000\040\000n\000e\000c\000e\000s\000s\000a\000r\000y\000\040\000f\000i\000l\000e\000s}{section.1}% 3
\BOOKMARK [2][-]{subsection.1.2}{\376\377\000R\000e\000-\000r\000u\000n\000n\000i\000n\000g\000\040\000t\000h\000e\000\040\000p\000i\000p\000e\000l\000i\000n\000e}{section.1}% 4
\BOOKMARK [1][-]{section.2}{\376\377\000R\000e\000q\000u\000i\000r\000e\000d\000\040\000f\000i\000l\000e\000s\000'\000\040\000f\000o\000r\000m\000a\000t}{part.1}% 5
\BOOKMARK [2][-]{subsection.2.1}{\376\377\000L\000I\000M\000S\000\137\000s\000u\000p\000p\000\137\000s\000a\000m\000p\000l\000e\000\137\000s\000h\000e\000e\000t\000.\000c\000s\000v}{section.2}% 6
\BOOKMARK [2][-]{subsection.2.2}{\376\377\000F\000A\000S\000T\000Q\000\040\000f\000i\000l\000e\000\040\000l\000i\000s\000t}{section.2}% 7
\BOOKMARK [1][-]{section.3}{\376\377\000C\000h\000a\000n\000g\000i\000n\000g\000\040\000d\000i\000r\000e\000c\000t\000o\000r\000i\000e\000s}{part.1}% 8
\BOOKMARK [1][-]{section.4}{\376\377\000M\000u\000l\000t\000i\000t\000h\000r\000e\000a\000d\000i\000n\000g}{part.1}% 9
\BOOKMARK [1][-]{section.5}{\376\377\000O\000u\000t\000p\000u\000t\000\040\000h\000a\000n\000d\000l\000i\000n\000g}{part.1}% 10
\BOOKMARK [1][-]{section.6}{\376\377\000C\000h\000e\000c\000k\000i\000n\000g\000\040\000i\000f\000\040\000t\000h\000e\000\040\000p\000i\000p\000e\000l\000i\000n\000e\000\040\000w\000a\000s\000\040\000c\000o\000m\000p\000l\000e\000t\000e\000d\000\040\000s\000u\000c\000e\000s\000s\000f\000u\000l\000l\000y}{part.1}% 11
\BOOKMARK [0][-]{part.2}{\376\377\000I\000I\000\040\000S\000n\000a\000k\000e\000m\000a\000k\000e}{}% 12
\BOOKMARK [1][-]{section.7}{\376\377\000R\000u\000l\000e\000s}{part.2}% 13
\BOOKMARK [2][-]{subsection.7.1}{\376\377\000A\000l\000i\000g\000n\000m\000e\000n\000t}{section.7}% 14
\BOOKMARK [2][-]{subsection.7.2}{\376\377\000A\000l\000i\000g\000n\000m\000e\000n\000t\000\040\000Q\000C}{section.7}% 15
\BOOKMARK [2][-]{subsection.7.3}{\376\377\000O\000n\000\040\000T\000a\000r\000g\000e\000t\000\040\000C\000a\000l\000c\000u\000l\000a\000t\000i\000o\000n}{section.7}% 16
\BOOKMARK [3][-]{subsubsection.7.3.1}{\376\377\000G\000e\000n\000e\000r\000a\000t\000e\000\040\000o\000n\000\040\000t\000a\000r\000g\000e\000t\000\040\000c\000a\000l\000c\000u\000l\000a\000t\000i\000o\000n\000\040\000f\000i\000l\000e\000s}{subsection.7.3}% 17
\BOOKMARK [3][-]{subsubsection.7.3.2}{\376\377\000O\000n\000\040\000t\000a\000r\000g\000e\000t\000\040\000c\000a\000l\000c\000u\000l\000a\000t\000i\000o\000n}{subsection.7.3}% 18
\BOOKMARK [2][-]{subsection.7.4}{\376\377\000C\000o\000n\000t\000a\000m\000i\000n\000a\000t\000i\000o\000n\000\040\000I\000n\000d\000e\000x\000\040\000C\000a\000l\000c\000u\000l\000a\000t\000i\000o\000n}{section.7}% 19
\BOOKMARK [2][-]{subsection.7.5}{\376\377\000C\000l\000i\000p\000p\000i\000n\000g}{section.7}% 20
\BOOKMARK [2][-]{subsection.7.6}{\376\377\000V\000a\000r\000i\000a\000n\000t\000\040\000C\000a\000l\000l\000i\000n\000g}{section.7}% 21
\BOOKMARK [2][-]{subsection.7.7}{\376\377\000V\000a\000r\000i\000a\000n\000t\000\040\000F\000i\000l\000t\000e\000r\000i\000n\000g}{section.7}% 22
\BOOKMARK [2][-]{subsection.7.8}{\376\377\000S\000V\000\040\000C\000a\000l\000l\000i\000n\000g\000\040\000\050\000P\000i\000n\000d\000e\000l\000\051}{section.7}% 23
\BOOKMARK [3][-]{subsubsection.7.8.1}{\376\377\000P\000r\000e\000p\000a\000r\000e\000\040\000P\000i\000n\000d\000e\000l\000\040\000B\000A\000M}{subsection.7.8}% 24
\BOOKMARK [3][-]{subsubsection.7.8.2}{\376\377\000P\000r\000e\000p\000a\000r\000e\000\040\000P\000i\000n\000d\000e\000l\000\040\000C\000o\000n\000f\000i\000g}{subsection.7.8}% 25
\BOOKMARK [3][-]{subsubsection.7.8.3}{\376\377\000P\000i\000n\000d\000e\000l}{subsection.7.8}% 26
\BOOKMARK [2][-]{subsection.7.9}{\376\377\000B\000R\000A\000S\000S}{section.7}% 27
\BOOKMARK [2][-]{subsection.7.10}{\376\377\000C\000o\000p\000y\000\040\000N\000u\000m\000b\000e\000r\000\040\000\050\000P\000u\000r\000e\000C\000N\000\051}{section.7}% 28
\BOOKMARK [2][-]{subsection.7.11}{\376\377\000V\000a\000r\000i\000a\000n\000t\000\040\000A\000n\000n\000o\000t\000a\000t\000i\000o\000n}{section.7}% 29
\BOOKMARK [2][-]{subsection.7.12}{\376\377\000H\000y\000p\000e\000r\000m\000u\000t\000a\000t\000i\000o\000n}{section.7}% 30
